{"C:\\work\\fp\\unit\\four\\curry.js":{"path":"C:\\work\\fp\\unit\\four\\curry.js","s":{"1":1,"2":1,"3":2,"4":2,"5":1,"6":1,"7":1,"8":12,"9":1,"10":5,"11":1,"12":4,"13":1,"14":1,"15":1,"16":1,"17":1,"18":1,"19":1,"20":1,"21":1,"22":1,"23":1,"24":1},"b":{},"f":{"1":2,"2":2,"3":12,"4":5,"5":4,"6":1},"fnMap":{"1":{"name":"(anonymous_1)","line":3,"loc":{"start":{"line":3,"column":10},"end":{"line":3,"column":21}}},"2":{"name":"(anonymous_2)","line":4,"loc":{"start":{"line":4,"column":9},"end":{"line":4,"column":20}}},"3":{"name":"(anonymous_3)","line":19,"loc":{"start":{"line":19,"column":18},"end":{"line":19,"column":37}}},"4":{"name":"(anonymous_4)","line":30,"loc":{"start":{"line":30,"column":20},"end":{"line":30,"column":53}}},"5":{"name":"(anonymous_5)","line":40,"loc":{"start":{"line":40,"column":19},"end":{"line":40,"column":35}}},"6":{"name":"(anonymous_6)","line":50,"loc":{"start":{"line":50,"column":16},"end":{"line":50,"column":32}}}},"statementMap":{"1":{"start":{"line":1,"column":0},"end":{"line":1,"column":38}},"2":{"start":{"line":3,"column":0},"end":{"line":7,"column":2}},"3":{"start":{"line":4,"column":2},"end":{"line":6,"column":4}},"4":{"start":{"line":5,"column":4},"end":{"line":5,"column":17}},"5":{"start":{"line":8,"column":0},"end":{"line":8,"column":23}},"6":{"start":{"line":9,"column":0},"end":{"line":9,"column":21}},"7":{"start":{"line":19,"column":0},"end":{"line":21,"column":3}},"8":{"start":{"line":20,"column":2},"end":{"line":20,"column":25}},"9":{"start":{"line":30,"column":0},"end":{"line":32,"column":3}},"10":{"start":{"line":31,"column":2},"end":{"line":31,"column":40}},"11":{"start":{"line":40,"column":0},"end":{"line":42,"column":2}},"12":{"start":{"line":41,"column":2},"end":{"line":41,"column":23}},"13":{"start":{"line":50,"column":0},"end":{"line":52,"column":2}},"14":{"start":{"line":51,"column":2},"end":{"line":51,"column":20}},"15":{"start":{"line":58,"column":0},"end":{"line":58,"column":30}},"16":{"start":{"line":60,"column":0},"end":{"line":60,"column":25}},"17":{"start":{"line":62,"column":0},"end":{"line":62,"column":23}},"18":{"start":{"line":65,"column":0},"end":{"line":65,"column":50}},"19":{"start":{"line":68,"column":0},"end":{"line":68,"column":35}},"20":{"start":{"line":71,"column":0},"end":{"line":71,"column":43}},"21":{"start":{"line":74,"column":0},"end":{"line":74,"column":36}},"22":{"start":{"line":76,"column":0},"end":{"line":76,"column":29}},"23":{"start":{"line":79,"column":0},"end":{"line":79,"column":27}},"24":{"start":{"line":81,"column":0},"end":{"line":92,"column":1}}},"branchMap":{}},"C:\\work\\fp\\unit\\three\\PureFunction.js":{"path":"C:\\work\\fp\\unit\\three\\PureFunction.js","s":{"1":1,"2":1,"3":2,"4":2,"5":2,"6":2,"7":2,"8":1,"9":1,"10":1,"11":1},"b":{"1":[2,1]},"f":{"1":2,"2":2,"3":1},"fnMap":{"1":{"name":"(anonymous_1)","line":18,"loc":{"start":{"line":18,"column":15},"end":{"line":18,"column":27}}},"2":{"name":"(anonymous_2)","line":21,"loc":{"start":{"line":21,"column":10},"end":{"line":21,"column":21}}},"3":{"name":"(anonymous_3)","line":28,"loc":{"start":{"line":28,"column":29},"end":{"line":28,"column":40}}}},"statementMap":{"1":{"start":{"line":6,"column":0},"end":{"line":6,"column":28}},"2":{"start":{"line":18,"column":1},"end":{"line":26,"column":3}},"3":{"start":{"line":19,"column":3},"end":{"line":19,"column":18}},"4":{"start":{"line":21,"column":3},"end":{"line":25,"column":5}},"5":{"start":{"line":22,"column":5},"end":{"line":22,"column":45}},"6":{"start":{"line":23,"column":5},"end":{"line":23,"column":62}},"7":{"start":{"line":24,"column":5},"end":{"line":24,"column":27}},"8":{"start":{"line":28,"column":1},"end":{"line":28,"column":57}},"9":{"start":{"line":28,"column":42},"end":{"line":28,"column":53}},"10":{"start":{"line":30,"column":1},"end":{"line":30,"column":30}},"11":{"start":{"line":31,"column":1},"end":{"line":34,"column":2}}},"branchMap":{"1":{"line":23,"type":"binary-expr","locations":[{"start":{"line":23,"column":22},"end":{"line":23,"column":36}},{"start":{"line":23,"column":40},"end":{"line":23,"column":61}}]}}}}