TN:
SF:C:\work\fp\unit\four\curry.js
FN:3,(anonymous_1)
FN:4,(anonymous_2)
FN:19,(anonymous_3)
FN:30,(anonymous_4)
FN:40,(anonymous_5)
FN:50,(anonymous_6)
FNF:6
FNH:6
FNDA:2,(anonymous_1)
FNDA:2,(anonymous_2)
FNDA:12,(anonymous_3)
FNDA:5,(anonymous_4)
FNDA:4,(anonymous_5)
FNDA:1,(anonymous_6)
DA:1,1
DA:3,1
DA:4,2
DA:5,2
DA:8,1
DA:9,1
DA:19,1
DA:20,12
DA:30,1
DA:31,5
DA:40,1
DA:41,4
DA:50,1
DA:51,1
DA:58,1
DA:60,1
DA:62,1
DA:65,1
DA:68,1
DA:71,1
DA:74,1
DA:76,1
DA:79,1
DA:81,1
LF:24
LH:24
BRF:0
BRH:0
end_of_record
TN:
SF:C:\work\fp\unit\three\PureFunction.js
FN:18,(anonymous_1)
FN:21,(anonymous_2)
FN:28,(anonymous_3)
FNF:3
FNH:3
FNDA:2,(anonymous_1)
FNDA:2,(anonymous_2)
FNDA:1,(anonymous_3)
DA:6,1
DA:18,1
DA:19,2
DA:21,2
DA:22,2
DA:23,2
DA:24,2
DA:28,1
DA:30,1
DA:31,1
LF:10
LH:10
BRDA:23,1,0,2
BRDA:23,1,1,1
BRF:2
BRH:2
end_of_record
